[2021-09-27 14:58:54] [ INFO ] [OdontologoService: 31] El odontologo se ha guardado correctamente
[2021-09-27 15:01:31] [ INFO ] [OdontologoService: 31] El odontologo se ha guardado correctamente
[2021-09-27 15:01:31] [ INFO ] [OdontologoService: 31] El odontologo se ha guardado correctamente
[2021-09-27 15:01:31] [ INFO ] [OdontologoService: 31] El odontologo se ha guardado correctamente
[2021-09-27 15:01:31] [ INFO ] [OdontologoService: 31] El odontologo se ha guardado correctamente
[2021-09-27 15:01:31] [ INFO ] [OdontologoService: 31] El odontologo se ha guardado correctamente
[2021-09-27 15:01:57] [ INFO ] [OdontologoService: 31] El odontologo se ha guardado correctamente
[2021-09-27 15:02:11] [ INFO ] [OdontologoService: 31] El odontologo se ha guardado correctamente
[2021-09-27 15:08:06] [ INFO ] [OdontologoService: 31] El odontologo se ha guardado correctamente
[2021-09-27 15:10:12] [ INFO ] [OdontologoService: 31] El odontologo se ha guardado correctamente
[2021-09-27 15:12:22] [ INFO ] [OdontologoService: 50] El odontologo Linajhgfdsswnidnnwdnwniwdnwnd Huertas se ha actualizado correctmente.
[2021-09-27 15:35:05] [ INFO ] [OdontologoService: 31] El odontologo se ha guardado correctamente
[2021-09-27 15:38:06] [ INFO ] [OdontologoService: 31] El odontologo se ha guardado correctamente
[2021-09-27 15:39:49] [ INFO ] [OdontologoService: 31] El odontologo se ha guardado correctamente
[2021-09-27 15:42:13] [ INFO ] [OdontologoService: 31] El odontologo se ha guardado correctamente
[2021-09-27 17:19:59] [ INFO ] [OdontologoService: 31] El odontologo se ha guardado correctamente
[2021-09-27 22:45:50] [ INFO ] [OdontologoService: 56] El odontologo con id: 194 se ha eliminado correctamente.
[2021-09-27 22:45:51] [ INFO ] [OdontologoService: 56] El odontologo con id: 262 se ha eliminado correctamente.
[2021-09-27 22:45:52] [ INFO ] [OdontologoService: 56] El odontologo con id: 259 se ha eliminado correctamente.
[2021-09-27 22:45:52] [ INFO ] [OdontologoService: 56] El odontologo con id: 257 se ha eliminado correctamente.
[2021-09-27 22:45:52] [ INFO ] [OdontologoService: 56] El odontologo con id: 385 se ha eliminado correctamente.
[2021-09-27 22:45:52] [ INFO ] [OdontologoService: 56] El odontologo con id: 263 se ha eliminado correctamente.
[2021-09-27 22:45:52] [ INFO ] [OdontologoService: 56] El odontologo con id: 260 se ha eliminado correctamente.
[2021-09-27 22:45:52] [ INFO ] [OdontologoService: 56] El odontologo con id: 193 se ha eliminado correctamente.
[2021-09-27 22:45:53] [ INFO ] [OdontologoService: 56] El odontologo con id: 261 se ha eliminado correctamente.
[2021-09-27 22:45:53] [ INFO ] [OdontologoService: 56] El odontologo con id: 481 se ha eliminado correctamente.
[2021-09-27 22:45:53] [ INFO ] [OdontologoService: 56] El odontologo con id: 264 se ha eliminado correctamente.
[2021-09-27 22:45:53] [ INFO ] [OdontologoService: 56] El odontologo con id: 321 se ha eliminado correctamente.
[2021-09-27 22:45:53] [ INFO ] [OdontologoService: 56] El odontologo con id: 258 se ha eliminado correctamente.
[2021-09-27 22:45:54] [ INFO ] [OdontologoService: 56] El odontologo con id: 164 se ha eliminado correctamente.
[2021-09-27 22:45:55] [ INFO ] [OdontologoService: 56] El odontologo con id: 417 se ha eliminado correctamente.
[2021-09-27 22:45:55] [ INFO ] [OdontologoService: 56] El odontologo con id: 353 se ha eliminado correctamente.
[2021-09-27 22:45:56] [ INFO ] [OdontologoService: 56] El odontologo con id: 163 se ha eliminado correctamente.
[2021-09-27 22:45:58] [ INFO ] [OdontologoService: 56] El odontologo con id: 225 se ha eliminado correctamente.
[2021-09-27 22:45:59] [ INFO ] [OdontologoService: 56] El odontologo con id: 265 se ha eliminado correctamente.
[2021-09-27 22:49:51] [ INFO ] [OdontologoService: 31] El odontologo se ha guardado correctamente
[2021-09-28 06:16:07] [ INFO ] [OdontologoService: 31] El odontologo se ha guardado correctamente
[2021-09-28 06:46:15] [ INFO ] [OdontologoService: 31] El odontologo se ha guardado correctamente
[2021-09-28 06:58:17] [ INFO ] [OdontologoService: 31] El odontologo se ha guardado correctamente
[2021-09-28 07:21:19] [ INFO ] [OdontologoService: 31] El odontologo se ha guardado correctamente
[2021-09-28 07:38:24] [ INFO ] [OdontologoService: 31] El odontologo se ha guardado correctamente
[2021-09-28 07:59:33] [ INFO ] [OdontologoService: 31] El odontologo se ha guardado correctamente
[2021-09-28 08:13:12] [ INFO ] [OdontologoService: 31] El odontologo se ha guardado correctamente
[2021-09-28 08:15:32] [ INFO ] [OdontologoService: 31] El odontologo se ha guardado correctamente
[2021-09-28 08:15:48] [ INFO ] [OdontologoService: 31] El odontologo se ha guardado correctamente
[2021-09-28 08:19:22] [ INFO ] [OdontologoService: 31] El odontologo se ha guardado correctamente
[2021-09-28 08:22:10] [ INFO ] [OdontologoService: 31] El odontologo se ha guardado correctamente
[2021-09-28 08:22:56] [ INFO ] [OdontologoService: 31] El odontologo se ha guardado correctamente
[2021-09-28 08:23:08] [ INFO ] [OdontologoService: 56] El odontologo con id: 609 se ha eliminado correctamente.
[2021-09-28 08:23:08] [ INFO ] [OdontologoService: 56] El odontologo con id: 545 se ha eliminado correctamente.
[2021-09-28 08:23:09] [ INFO ] [OdontologoService: 56] El odontologo con id: 833 se ha eliminado correctamente.
[2021-09-28 08:23:09] [ INFO ] [OdontologoService: 56] El odontologo con id: 673 se ha eliminado correctamente.
[2021-09-28 08:23:09] [ INFO ] [OdontologoService: 56] El odontologo con id: 610 se ha eliminado correctamente.
[2021-09-28 08:23:10] [ INFO ] [OdontologoService: 56] El odontologo con id: 514 se ha eliminado correctamente.
[2021-09-28 08:23:10] [ INFO ] [OdontologoService: 56] El odontologo con id: 737 se ha eliminado correctamente.
[2021-09-28 08:23:11] [ INFO ] [OdontologoService: 56] El odontologo con id: 801 se ha eliminado correctamente.
[2021-09-28 08:23:12] [ INFO ] [OdontologoService: 56] El odontologo con id: 513 se ha eliminado correctamente.
[2021-09-28 08:23:13] [ INFO ] [OdontologoService: 56] El odontologo con id: 865 se ha eliminado correctamente.
[2021-09-28 08:23:13] [ INFO ] [OdontologoService: 56] El odontologo con id: 769 se ha eliminado correctamente.
[2021-09-28 08:23:14] [ INFO ] [OdontologoService: 56] El odontologo con id: 802 se ha eliminado correctamente.
[2021-09-28 08:23:15] [ INFO ] [OdontologoService: 56] El odontologo con id: 866 se ha eliminado correctamente.
[2021-09-28 08:23:23] [ INFO ] [OdontologoService: 31] El odontologo se ha guardado correctamente
[2021-09-28 08:23:34] [ INFO ] [OdontologoService: 31] El odontologo se ha guardado correctamente
[2021-09-28 08:28:20] [ INFO ] [OdontologoService: 31] El odontologo se ha guardado correctamente
[2021-09-28 08:37:26] [ INFO ] [OdontologoService: 31] El odontologo se ha guardado correctamente
[2021-09-28 08:46:06] [ INFO ] [OdontologoService: 31] El odontologo se ha guardado correctamente
[2021-09-28 08:48:49] [ INFO ] [OdontologoService: 31] El odontologo se ha guardado correctamente
[2021-09-28 08:49:15] [ INFO ] [OdontologoService: 31] El odontologo se ha guardado correctamente
[2021-09-28 08:51:42] [ INFO ] [OdontologoService: 31] El odontologo se ha guardado correctamente
[2021-09-28 08:56:09] [ INFO ] [OdontologoService: 31] El odontologo se ha guardado correctamente
[2021-09-28 08:57:55] [ INFO ] [OdontologoService: 31] El odontologo se ha guardado correctamente
[2021-09-28 09:03:17] [ INFO ] [OdontologoService: 31] El odontologo se ha guardado correctamente
[2021-09-28 09:03:39] [ INFO ] [OdontologoService: 31] El odontologo se ha guardado correctamente
[2021-09-28 09:07:06] [ INFO ] [OdontologoService: 31] El odontologo se ha guardado correctamente
[2021-09-28 09:19:27] [ INFO ] [OdontologoService: 56] El odontologo con id: 994 se ha eliminado correctamente.
[2021-09-28 09:19:27] [ INFO ] [OdontologoService: 56] El odontologo con id: 867 se ha eliminado correctamente.
[2021-09-28 09:19:28] [ INFO ] [OdontologoService: 56] El odontologo con id: 1089 se ha eliminado correctamente.
[2021-09-28 09:19:28] [ INFO ] [OdontologoService: 56] El odontologo con id: 1121 se ha eliminado correctamente.
[2021-09-28 09:19:28] [ INFO ] [OdontologoService: 56] El odontologo con id: 1153 se ha eliminado correctamente.
[2021-09-28 09:19:28] [ INFO ] [OdontologoService: 56] El odontologo con id: 1122 se ha eliminado correctamente.
[2021-09-28 09:19:29] [ INFO ] [OdontologoService: 56] El odontologo con id: 993 se ha eliminado correctamente.
[2021-09-28 09:19:30] [ INFO ] [OdontologoService: 56] El odontologo con id: 929 se ha eliminado correctamente.
[2021-09-28 09:19:30] [ INFO ] [OdontologoService: 56] El odontologo con id: 897 se ha eliminado correctamente.
[2021-09-28 09:20:37] [ INFO ] [OdontologoService: 31] El odontologo se ha guardado correctamente
[2021-09-28 09:24:09] [ INFO ] [OdontologoService: 31] El odontologo se ha guardado correctamente
[2021-09-28 09:27:28] [ INFO ] [OdontologoService: 31] El odontologo se ha guardado correctamente
[2021-09-28 09:33:28] [ INFO ] [OdontologoService: 31] El odontologo se ha guardado correctamente
[2021-09-28 10:52:13] [ INFO ] [OdontologoService: 56] El odontologo con id: 1249 se ha eliminado correctamente.
[2021-09-28 10:52:14] [ INFO ] [OdontologoService: 56] El odontologo con id: 868 se ha eliminado correctamente.
[2021-09-28 10:52:14] [ INFO ] [OdontologoService: 56] El odontologo con id: 1025 se ha eliminado correctamente.
[2021-09-28 11:27:34] [ INFO ] [OdontologoService: 31] El odontologo se ha guardado correctamente
[2021-09-28 11:28:09] [ INFO ] [OdontologoService: 31] El odontologo se ha guardado correctamente
[2021-09-28 11:31:19] [ INFO ] [OdontologoService: 31] El odontologo se ha guardado correctamente
[2021-09-28 11:51:33] [ INFO ] [OdontologoService: 31] El odontologo se ha guardado correctamente
[2021-09-28 11:52:41] [ INFO ] [OdontologoService: 56] El odontologo con id: 1185 se ha eliminado correctamente.
[2021-09-28 11:52:42] [ INFO ] [OdontologoService: 56] El odontologo con id: 1313 se ha eliminado correctamente.
[2021-09-28 11:52:44] [ INFO ] [OdontologoService: 56] El odontologo con id: 1057 se ha eliminado correctamente.
[2021-09-28 11:52:46] [ INFO ] [OdontologoService: 56] El odontologo con id: 1345 se ha eliminado correctamente.
[2021-09-28 12:34:28] [ INFO ] [OdontologoService: 56] El odontologo con id: 1154 se ha eliminado correctamente.
[2021-09-28 12:52:20] [ INFO ] [OdontologoService: 50] El odontologo sakakkakakkakak s se ha actualizado correctmente.
[2021-09-28 12:52:38] [ INFO ] [OdontologoService: 50] El odontologo sakakkakakkakak s se ha actualizado correctmente.
[2021-09-28 12:52:41] [ INFO ] [OdontologoService: 56] El odontologo con id: 961 se ha eliminado correctamente.
[2021-09-28 14:42:32] [ INFO ] [OdontologoService: 56] El odontologo con id: 1282 se ha eliminado correctamente.
[2021-09-28 14:42:43] [ INFO ] [OdontologoService: 31] El odontologo se ha guardado correctamente
[2021-09-28 14:47:19] [ INFO ] [OdontologoService: 56] El odontologo con id: 1217 se ha eliminado correctamente.
[2021-09-28 14:47:27] [ INFO ] [OdontologoService: 31] El odontologo se ha guardado correctamente
[2021-09-28 15:09:41] [ INFO ] [OdontologoService: 50] El odontologo Lina Huertas se ha actualizado correctmente.
[2021-09-28 15:09:57] [ INFO ] [OdontologoService: 50] El odontologo skksksks Huertas se ha actualizado correctmente.
[2021-09-28 15:09:58] [ INFO ] [OdontologoService: 50] El odontologo skksksks Huertas se ha actualizado correctmente.
[2021-09-28 20:51:40] [ INFO ] [OdontologoService: 31] El odontologo se ha guardado correctamente
[2021-09-28 21:11:26] [ INFO ] [OdontologoService: 50] El odontologo Lina Huertas se ha actualizado correctmente.
[2021-09-28 21:22:17] [ INFO ] [OdontologoService: 50] El odontologo Lina Huertas se ha actualizado correctmente.
[2021-09-28 21:22:20] [ INFO ] [OdontologoService: 50] El odontologo Lina Huertasssssssssssssssssssssssss se ha actualizado correctmente.
[2021-09-28 21:27:41] [ INFO ] [OdontologoService: 31] El odontologo se ha guardado correctamente
[2021-09-28 21:39:26] [ INFO ] [OdontologoService: 31] El odontologo se ha guardado correctamente
[2021-09-28 21:39:41] [ INFO ] [OdontologoService: 56] El odontologo con id: 1473 se ha eliminado correctamente.
[2021-09-28 21:39:42] [ INFO ] [OdontologoService: 56] El odontologo con id: 1441 se ha eliminado correctamente.
[2021-09-28 21:39:43] [ INFO ] [OdontologoService: 56] El odontologo con id: 1281 se ha eliminado correctamente.
[2021-09-28 21:40:10] [ INFO ] [OdontologoService: 50] El odontologo lu milo se ha actualizado correctmente.
[2021-09-28 21:40:39] [ INFO ] [OdontologoService: 50] El odontologo Lina eeeeeeeeeeeeeeeeee se ha actualizado correctmente.
[2021-09-28 21:40:40] [ INFO ] [OdontologoService: 50] El odontologo Lina eeeeeeeeeeeeeeeeee se ha actualizado correctmente.
[2021-09-28 21:40:56] [ INFO ] [OdontologoService: 31] El odontologo se ha guardado correctamente
[2021-09-28 21:41:00] [ INFO ] [OdontologoService: 31] El odontologo se ha guardado correctamente
[2021-09-28 21:44:58] [ INFO ] [OdontologoService: 31] El odontologo se ha guardado correctamente
[2021-09-28 21:46:59] [ INFO ] [OdontologoService: 31] El odontologo se ha guardado correctamente
[2021-09-28 21:47:06] [ INFO ] [OdontologoService: 56] El odontologo con id: 1474 se ha eliminado correctamente.
[2021-09-28 21:47:07] [ INFO ] [OdontologoService: 56] El odontologo con id: 1505 se ha eliminado correctamente.
[2021-09-28 21:47:08] [ INFO ] [OdontologoService: 56] El odontologo con id: 1506 se ha eliminado correctamente.
[2021-09-28 21:47:10] [ INFO ] [OdontologoService: 56] El odontologo con id: 1475 se ha eliminado correctamente.
[2021-09-28 21:47:11] [ INFO ] [OdontologoService: 56] El odontologo con id: 1378 se ha eliminado correctamente.
[2021-09-28 21:47:27] [ INFO ] [OdontologoService: 50] El odontologo Lina Huertas eeeeeeeeeeeeeeeeee se ha actualizado correctmente.
[2021-09-28 21:51:13] [ INFO ] [OdontologoService: 31] El odontologo se ha guardado correctamente
[2021-09-28 21:51:37] [ INFO ] [OdontologoService: 31] El odontologo se ha guardado correctamente
[2021-09-28 22:56:43] [ INFO ] [PacienteService: 34] El paciente se ha guardado correctamente
[2021-09-28 23:02:04] [ INFO ] [DomicilioService: 29] El domicilio se ha guardado correctamente
[2021-09-28 23:02:04] [ INFO ] [PacienteService: 34] El paciente se ha guardado correctamente
[2021-09-28 23:02:52] [ INFO ] [DomicilioService: 29] El domicilio se ha guardado correctamente
[2021-09-28 23:02:52] [ INFO ] [PacienteService: 34] El paciente se ha guardado correctamente
[2021-09-28 23:07:00] [ INFO ] [DomicilioService: 29] El domicilio se ha guardado correctamente
[2021-09-28 23:08:43] [ INFO ] [DomicilioService: 29] El domicilio se ha guardado correctamente
[2021-09-28 23:17:27] [ INFO ] [DomicilioService: 31] El domicilio se ha guardado correctamente
[2021-09-28 23:18:19] [ INFO ] [DomicilioService: 31] El domicilio se ha guardado correctamente
[2021-09-28 23:23:53] [ INFO ] [DomicilioService: 31] El domicilio se ha guardado correctamente
[2021-09-28 23:23:53] [ INFO ] [PacienteService: 34] El paciente se ha guardado correctamente
[2021-09-29 07:49:23] [ INFO ] [DomicilioService: 31] El domicilio se ha guardado correctamente
[2021-09-29 07:49:23] [ INFO ] [PacienteService: 54] El paciente Lina Marcela se ha actualizado correctmente.
[2021-09-29 07:52:29] [ INFO ] [DomicilioService: 31] El domicilio se ha guardado correctamente
[2021-09-29 07:52:29] [ INFO ] [PacienteService: 54] El paciente mARCELA Marcela se ha actualizado correctmente.
[2021-09-29 07:54:45] [ INFO ] [PacienteService: 59] El paciente con id: 195 se ha eliminado correctamente.
[2021-09-29 07:55:07] [ INFO ] [PacienteService: 59] El paciente con id: 197 se ha eliminado correctamente.
[2021-09-29 07:55:15] [ INFO ] [PacienteService: 59] El paciente con id: 196 se ha eliminado correctamente.
[2021-09-29 07:55:32] [ INFO ] [PacienteService: 59] El paciente con id: 1602 se ha eliminado correctamente.
[2021-09-29 07:55:50] [ INFO ] [PacienteService: 59] El paciente con id: 1730 se ha eliminado correctamente.
[2021-09-29 07:56:05] [ INFO ] [PacienteService: 59] El paciente con id: 1569 se ha eliminado correctamente.
[2021-09-29 07:56:24] [ INFO ] [PacienteService: 59] El paciente con id: 1698 se ha eliminado correctamente.
[2021-09-29 07:56:38] [ INFO ] [PacienteService: 59] El paciente con id: 1762 se ha eliminado correctamente.
[2021-09-29 07:56:49] [ INFO ] [PacienteService: 59] El paciente con id: 1604 se ha eliminado correctamente.
[2021-09-29 07:59:49] [ INFO ] [DomicilioService: 31] El domicilio se ha guardado correctamente
[2021-09-29 07:59:49] [ INFO ] [PacienteService: 34] El paciente se ha guardado correctamente
[2021-09-29 08:03:58] [ INFO ] [DomicilioService: 31] El domicilio se ha guardado correctamente
[2021-09-29 08:03:58] [ INFO ] [PacienteService: 34] El paciente se ha guardado correctamente
[2021-09-29 08:07:05] [ INFO ] [DomicilioService: 31] El domicilio se ha guardado correctamente
[2021-09-29 08:07:05] [ INFO ] [PacienteService: 34] El paciente se ha guardado correctamente
[2021-09-29 08:08:11] [ INFO ] [DomicilioService: 31] El domicilio se ha guardado correctamente
[2021-09-29 08:08:11] [ INFO ] [PacienteService: 34] El paciente se ha guardado correctamente
[2021-09-29 08:09:08] [ INFO ] [DomicilioService: 31] El domicilio se ha guardado correctamente
[2021-09-29 08:09:08] [ INFO ] [PacienteService: 34] El paciente se ha guardado correctamente
[2021-09-29 08:13:30] [ INFO ] [PacienteService: 59] El paciente con id: 1800 se ha eliminado correctamente.
[2021-09-29 12:05:17] [ INFO ] [DomicilioService: 31] El domicilio se ha guardado correctamente
[2021-09-29 12:05:17] [ INFO ] [PacienteService: 54] El paciente Carla Saenz se ha actualizado correctmente.
[2021-09-29 12:07:28] [ INFO ] [DomicilioService: 31] El domicilio se ha guardado correctamente
[2021-09-29 12:07:28] [ INFO ] [PacienteService: 54] El paciente MARIA Saenz se ha actualizado correctmente.
[2021-09-29 12:21:24] [ INFO ] [DomicilioService: 51] El domicilio 1921 se ha actualizado correctmente.
[2021-09-29 12:21:24] [ INFO ] [PacienteService: 54] El paciente Francisca Saenz se ha actualizado correctmente.
[2021-09-29 12:24:38] [ INFO ] [DomicilioService: 51] El domicilio 1953 se ha actualizado correctmente.
[2021-09-29 12:24:38] [ INFO ] [PacienteService: 53] El paciente Lucia Saenz se ha actualizado correctmente.
[2021-09-29 12:26:38] [ INFO ] [DomicilioService: 51] El domicilio 1955 se ha actualizado correctmente.
[2021-09-29 12:26:38] [ INFO ] [PacienteService: 53] El paciente Marcela Saenz se ha actualizado correctmente.
[2021-09-29 12:30:02] [ INFO ] [DomicilioService: 51] El domicilio 1957 se ha actualizado correctmente.
[2021-09-29 12:30:02] [ INFO ] [PacienteService: 53] El paciente Daniela Saenz se ha actualizado correctmente.
[2021-09-29 12:34:48] [ ERROR] [PacienteService: 56] Error.
[2021-09-29 12:42:28] [ ERROR] [PacienteService: 56] Error.
[2021-09-29 12:46:10] [ INFO ] [DomicilioService: 31] El domicilio se ha guardado correctamente
[2021-09-29 12:46:10] [ INFO ] [PacienteService: 33] El paciente se ha guardado correctamente
[2021-09-29 12:46:51] [ INFO ] [DomicilioService: 52] El domicilio 1 se ha actualizado correctmente.
[2021-09-29 12:46:51] [ INFO ] [PacienteService: 54] El paciente Sara Saenz se ha actualizado correctmente.
[2021-09-29 12:48:56] [ INFO ] [OdontologoService: 31] El odontologo se ha guardado correctamente
[2021-09-29 12:51:17] [ INFO ] [OdontologoService: 31] El odontologo se ha guardado correctamente
[2021-09-29 12:51:58] [ INFO ] [OdontologoService: 50] El odontologo Linahhhh Huertas se ha actualizado correctmente.
[2021-09-29 13:26:33] [ ERROR] [PacienteService: 43] Error al consultar el paciente
[2021-09-29 14:07:50] [ INFO ] [DomicilioService: 31] El domicilio se ha guardado correctamente
[2021-09-29 14:07:50] [ INFO ] [PacienteService: 33] El paciente se ha guardado correctamente
[2021-09-29 14:08:04] [ ERROR] [PacienteService: 43] Error al consultar el paciente
[2021-09-29 14:08:14] [ INFO ] [DomicilioService: 52] El domicilio 1 se ha actualizado correctmente.
[2021-09-29 14:08:14] [ INFO ] [PacienteService: 54] El paciente Lina Saenz se ha actualizado correctmente.
[2021-09-29 14:11:12] [ INFO ] [OdontologoService: 31] El odontologo se ha guardado correctamente
[2021-09-29 14:12:27] [ INFO ] [OdontologoService: 51] El odontologo Lina Huertas se ha actualizado correctmente.
[2021-09-29 14:12:47] [ INFO ] [DomicilioService: 52] El domicilio 1 se ha actualizado correctmente.
[2021-09-29 14:12:47] [ INFO ] [PacienteService: 54] El paciente Lina Huertas se ha actualizado correctmente.
[2021-09-29 14:13:30] [ INFO ] [OdontologoService: 51] El odontologo Linahhhh  se ha actualizado correctmente.
[2021-09-29 14:19:32] [ ERROR] [PacienteService: 43] Error al consultar el paciente
[2021-09-29 14:19:46] [ INFO ] [DomicilioService: 31] El domicilio se ha guardado correctamente
[2021-09-29 14:19:46] [ INFO ] [PacienteService: 33] El paciente se ha guardado correctamente
[2021-09-29 14:19:55] [ INFO ] [DomicilioService: 52] El domicilio 1 se ha actualizado correctmente.
[2021-09-29 14:19:55] [ INFO ] [PacienteService: 54] El paciente Lina Vasquez se ha actualizado correctmente.
[2021-09-29 14:20:19] [ INFO ] [DomicilioService: 52] El domicilio 1 se ha actualizado correctmente.
[2021-09-29 14:20:19] [ INFO ] [PacienteService: 54] El paciente Lina Vasquez se ha actualizado correctmente.
[2021-09-29 15:11:35] [ INFO ] [DomicilioService: 31] El domicilio se ha guardado correctamente
[2021-09-29 15:11:35] [ INFO ] [PacienteService: 33] El paciente se ha guardado correctamente
[2021-09-29 15:11:38] [ INFO ] [OdontologoService: 31] El odontologo se ha guardado correctamente
[2021-09-29 15:13:50] [ INFO ] [TurnoService: 37] El turno se ha guardado correctamente
[2021-09-29 15:16:21] [ INFO ] [OdontologoService: 31] El odontologo se ha guardado correctamente
[2021-09-29 15:16:32] [ INFO ] [DomicilioService: 31] El domicilio se ha guardado correctamente
[2021-09-29 15:16:32] [ INFO ] [PacienteService: 33] El paciente se ha guardado correctamente
[2021-09-29 15:17:05] [ INFO ] [TurnoService: 37] El turno se ha guardado correctamente
[2021-09-29 15:20:04] [ ERROR] [TurnoService: 50] Error al consultar el turno 
[2021-09-29 15:20:10] [ ERROR] [TurnoService: 50] Error al consultar el turno 
[2021-09-29 15:20:15] [ ERROR] [TurnoService: 50] Error al consultar el turno 
[2021-09-29 15:20:17] [ ERROR] [TurnoService: 50] Error al consultar el turno 
[2021-09-29 15:20:18] [ ERROR] [TurnoService: 50] Error al consultar el turno 
[2021-09-29 15:25:50] [ INFO ] [TurnoService: 37] El turno se ha guardado correctamente
[2021-09-29 15:27:20] [ INFO ] [TurnoService: 37] El turno se ha guardado correctamente
[2021-09-29 15:29:33] [ INFO ] [OdontologoService: 31] El odontologo se ha guardado correctamente
[2021-09-29 15:29:44] [ INFO ] [DomicilioService: 31] El domicilio se ha guardado correctamente
[2021-09-29 15:29:45] [ INFO ] [PacienteService: 33] El paciente se ha guardado correctamente
[2021-09-29 15:29:57] [ INFO ] [TurnoService: 37] El turno se ha guardado correctamente
[2021-09-29 15:33:33] [ INFO ] [OdontologoService: 31] El odontologo se ha guardado correctamente
[2021-09-29 15:33:40] [ INFO ] [DomicilioService: 31] El domicilio se ha guardado correctamente
[2021-09-29 15:33:40] [ INFO ] [PacienteService: 33] El paciente se ha guardado correctamente
[2021-09-29 15:33:47] [ INFO ] [TurnoService: 37] El turno se ha guardado correctamente
[2021-09-29 15:34:11] [ ERROR] [TurnoService: 50] Error al consultar el turno 
[2021-09-29 15:46:05] [ INFO ] [OdontologoService: 31] El odontologo se ha guardado correctamente
[2021-09-29 15:46:15] [ INFO ] [DomicilioService: 31] El domicilio se ha guardado correctamente
[2021-09-29 15:46:15] [ INFO ] [PacienteService: 33] El paciente se ha guardado correctamente
[2021-09-29 15:46:23] [ INFO ] [TurnoService: 37] El turno se ha guardado correctamente
[2021-09-29 15:51:16] [ INFO ] [OdontologoService: 31] El odontologo se ha guardado correctamente
[2021-09-29 15:51:18] [ INFO ] [DomicilioService: 31] El domicilio se ha guardado correctamente
[2021-09-29 15:51:18] [ INFO ] [PacienteService: 33] El paciente se ha guardado correctamente
[2021-09-29 15:51:20] [ INFO ] [TurnoService: 37] El turno se ha guardado correctamente
[2021-09-29 16:01:04] [ INFO ] [OdontologoService: 31] El odontologo se ha guardado correctamente
[2021-09-29 16:01:12] [ INFO ] [DomicilioService: 31] El domicilio se ha guardado correctamente
[2021-09-29 16:01:12] [ INFO ] [PacienteService: 33] El paciente se ha guardado correctamente
[2021-09-29 16:13:31] [ INFO ] [OdontologoService: 31] El odontologo se ha guardado correctamente
[2021-09-29 16:13:45] [ INFO ] [DomicilioService: 31] El domicilio se ha guardado correctamente
[2021-09-29 16:13:45] [ INFO ] [PacienteService: 33] El paciente se ha guardado correctamente
[2021-09-29 16:13:53] [ INFO ] [TurnoService: 37] El turno se ha guardado correctamente
[2021-09-29 16:14:38] [ INFO ] [TurnoService: 37] El turno se ha guardado correctamente
[2021-09-29 16:15:19] [ INFO ] [TurnoService: 37] El turno se ha guardado correctamente
[2021-09-29 17:26:26] [ INFO ] [DomicilioService: 31] El domicilio se ha guardado correctamente
[2021-09-29 17:26:26] [ INFO ] [PacienteService: 33] El paciente se ha guardado correctamente
[2021-09-29 17:32:32] [ INFO ] [OdontologoService: 31] El odontologo se ha guardado correctamente
[2021-09-29 17:32:37] [ INFO ] [DomicilioService: 31] El domicilio se ha guardado correctamente
[2021-09-29 17:32:37] [ INFO ] [PacienteService: 33] El paciente se ha guardado correctamente
[2021-09-29 17:32:52] [ INFO ] [DomicilioService: 31] El domicilio se ha guardado correctamente
[2021-09-29 17:32:52] [ INFO ] [PacienteService: 33] El paciente se ha guardado correctamente
[2021-09-29 17:33:07] [ INFO ] [TurnoService: 38] El turno se ha guardado correctamente
[2021-09-29 17:33:27] [ ERROR] [TurnoService: 51] Error al consultar el turno 
[2021-09-29 17:33:42] [ ERROR] [TurnoService: 51] Error al consultar el turno 
[2021-09-29 17:44:43] [ INFO ] [OdontologoService: 31] El odontologo se ha guardado correctamente
[2021-09-29 17:44:47] [ INFO ] [OdontologoService: 31] El odontologo se ha guardado correctamente
[2021-09-29 17:44:55] [ INFO ] [OdontologoService: 31] El odontologo se ha guardado correctamente
[2021-09-29 17:45:28] [ INFO ] [OdontologoService: 31] El odontologo se ha guardado correctamente
[2021-09-29 17:45:52] [ INFO ] [OdontologoService: 31] El odontologo se ha guardado correctamente
[2021-09-29 17:46:29] [ INFO ] [OdontologoService: 31] El odontologo se ha guardado correctamente
[2021-09-29 17:46:34] [ INFO ] [OdontologoService: 31] El odontologo se ha guardado correctamente
[2021-09-29 17:46:41] [ INFO ] [OdontologoService: 31] El odontologo se ha guardado correctamente
[2021-09-29 17:47:00] [ INFO ] [DomicilioService: 31] El domicilio se ha guardado correctamente
[2021-09-29 17:47:00] [ INFO ] [PacienteService: 33] El paciente se ha guardado correctamente
[2021-09-29 17:47:25] [ INFO ] [DomicilioService: 31] El domicilio se ha guardado correctamente
[2021-09-29 17:47:25] [ INFO ] [PacienteService: 33] El paciente se ha guardado correctamente
[2021-09-29 17:47:39] [ ERROR] [PacienteService: 43] Error al consultar el paciente
[2021-09-29 17:47:39] [ ERROR] [TurnoService: 40] Error
[2021-09-29 17:47:55] [ ERROR] [PacienteService: 43] Error al consultar el paciente
[2021-09-29 17:47:55] [ ERROR] [TurnoService: 40] Error
[2021-09-29 17:48:07] [ ERROR] [TurnoService: 51] Error al consultar el turno 
[2021-09-29 17:48:08] [ ERROR] [TurnoService: 51] Error al consultar el turno 
[2021-09-29 17:48:13] [ ERROR] [TurnoService: 51] Error al consultar el turno 
[2021-09-29 17:51:00] [ INFO ] [OdontologoService: 31] El odontologo se ha guardado correctamente
[2021-09-29 17:51:01] [ INFO ] [DomicilioService: 31] El domicilio se ha guardado correctamente
[2021-09-29 17:51:01] [ INFO ] [PacienteService: 33] El paciente se ha guardado correctamente
[2021-09-29 17:51:51] [ INFO ] [TurnoService: 37] El turno se ha guardado correctamente
[2021-09-29 17:52:01] [ ERROR] [TurnoService: 50] Error al consultar el turno 
[2021-09-29 17:52:29] [ ERROR] [PacienteService: 43] Error al consultar el paciente
[2021-09-29 17:52:29] [ ERROR] [TurnoService: 63] Error
[2021-09-29 18:08:39] [ INFO ] [OdontologoService: 31] El odontologo se ha guardado correctamente
[2021-09-29 18:08:41] [ INFO ] [DomicilioService: 31] El domicilio se ha guardado correctamente
[2021-09-29 18:08:41] [ INFO ] [PacienteService: 33] El paciente se ha guardado correctamente
[2021-09-29 18:08:45] [ INFO ] [TurnoService: 37] El turno se ha guardado correctamente
[2021-09-29 18:08:55] [ ERROR] [PacienteService: 43] Error al consultar el paciente
[2021-09-29 18:08:55] [ ERROR] [TurnoService: 67] Error
[2021-09-29 18:21:05] [ INFO ] [OdontologoService: 31] El odontologo se ha guardado correctamente
[2021-09-29 18:21:07] [ INFO ] [DomicilioService: 31] El domicilio se ha guardado correctamente
[2021-09-29 18:21:08] [ INFO ] [PacienteService: 33] El paciente se ha guardado correctamente
[2021-09-29 18:21:10] [ INFO ] [TurnoService: 39] El turno se ha guardado correctamente
[2021-09-29 18:21:15] [ ERROR] [PacienteService: 43] Error al consultar el paciente
[2021-09-29 18:21:15] [ ERROR] [TurnoService: 74] Error
[2021-09-29 18:57:27] [ INFO ] [OdontologoService: 31] El odontologo se ha guardado correctamente
[2021-09-29 18:57:30] [ INFO ] [DomicilioService: 31] El domicilio se ha guardado correctamente
[2021-09-29 18:57:30] [ INFO ] [PacienteService: 33] El paciente se ha guardado correctamente
[2021-09-29 18:57:39] [ INFO ] [TurnoService: 39] El turno se ha guardado correctamente
[2021-09-29 18:58:07] [ INFO ] [OdontologoService: 31] El odontologo se ha guardado correctamente
[2021-09-29 18:58:23] [ ERROR] [PacienteService: 43] Error al consultar el paciente
[2021-09-29 18:58:23] [ ERROR] [TurnoService: 75] Error
[2021-09-29 19:08:41] [ INFO ] [OdontologoService: 31] El odontologo se ha guardado correctamente
[2021-09-29 19:08:49] [ INFO ] [OdontologoService: 31] El odontologo se ha guardado correctamente
[2021-09-29 19:08:53] [ INFO ] [DomicilioService: 31] El domicilio se ha guardado correctamente
[2021-09-29 19:08:53] [ INFO ] [PacienteService: 33] El paciente se ha guardado correctamente
[2021-09-29 19:08:56] [ ERROR] [PacienteService: 43] Error al consultar el paciente
[2021-09-29 19:08:56] [ ERROR] [TurnoService: 41] Error
[2021-09-29 19:09:00] [ ERROR] [TurnoService: 52] Error al consultar el turno 
[2021-09-29 19:10:51] [ ERROR] [TurnoService: 52] Error al consultar el turno 
[2021-09-29 19:11:17] [ ERROR] [TurnoService: 52] Error al consultar el turno 
[2021-09-29 19:13:53] [ INFO ] [OdontologoService: 31] El odontologo se ha guardado correctamente
[2021-09-29 19:13:59] [ INFO ] [OdontologoService: 31] El odontologo se ha guardado correctamente
[2021-09-29 19:14:02] [ INFO ] [DomicilioService: 31] El domicilio se ha guardado correctamente
[2021-09-29 19:14:02] [ INFO ] [PacienteService: 33] El paciente se ha guardado correctamente
[2021-09-29 19:14:05] [ ERROR] [PacienteService: 43] Error al consultar el paciente
[2021-09-29 19:14:05] [ ERROR] [TurnoService: 41] Error
[2021-09-29 19:14:15] [ ERROR] [PacienteService: 43] Error al consultar el paciente
[2021-09-29 19:14:15] [ ERROR] [TurnoService: 41] Error
[2021-09-29 19:15:02] [ ERROR] [TurnoService: 52] Error al consultar el turno 
[2021-09-29 19:15:11] [ ERROR] [PacienteService: 43] Error al consultar el paciente
[2021-09-29 19:15:57] [ INFO ] [TurnoService: 39] El turno se ha guardado correctamente
[2021-09-29 19:15:58] [ INFO ] [TurnoService: 39] El turno se ha guardado correctamente
[2021-09-29 19:16:16] [ ERROR] [TurnoService: 52] Error al consultar el turno 
[2021-09-29 19:22:50] [ INFO ] [OdontologoService: 31] El odontologo se ha guardado correctamente
[2021-09-29 19:22:55] [ INFO ] [OdontologoService: 31] El odontologo se ha guardado correctamente
[2021-09-29 19:22:59] [ INFO ] [DomicilioService: 31] El domicilio se ha guardado correctamente
[2021-09-29 19:22:59] [ INFO ] [PacienteService: 34] El paciente se ha guardado correctamente
[2021-09-29 19:23:04] [ INFO ] [TurnoService: 39] El turno se ha guardado correctamente
[2021-09-29 19:24:02] [ ERROR] [TurnoService: 52] Error al consultar el turno 
[2021-09-29 19:24:46] [ ERROR] [TurnoService: 52] Error al consultar el turno 
[2021-09-29 19:34:39] [ INFO ] [OdontologoService: 31] El odontologo se ha guardado correctamente
[2021-09-29 19:34:44] [ INFO ] [DomicilioService: 31] El domicilio se ha guardado correctamente
[2021-09-29 19:34:44] [ INFO ] [PacienteService: 34] El paciente se ha guardado correctamente
[2021-09-29 19:34:48] [ ERROR] [PacienteService: 44] Error al consultar el paciente
[2021-09-29 19:34:48] [ ERROR] [TurnoService: 41] Error
[2021-09-29 19:34:56] [ ERROR] [TurnoService: 52] Error al consultar el turno 
[2021-09-29 19:36:03] [ ERROR] [PacienteService: 44] Error al consultar el paciente
[2021-09-29 19:37:00] [ ERROR] [PacienteService: 44] Error al consultar el paciente
[2021-09-29 19:37:12] [ INFO ] [DomicilioService: 52] El domicilio 4 se ha actualizado correctmente.
[2021-09-29 19:37:12] [ INFO ] [PacienteService: 55] El paciente Carolina Vasquez se ha actualizado correctmente.
[2021-09-29 19:40:37] [ INFO ] [OdontologoService: 31] El odontologo se ha guardado correctamente
[2021-09-29 19:40:44] [ INFO ] [OdontologoService: 31] El odontologo se ha guardado correctamente
[2021-09-29 19:41:00] [ INFO ] [DomicilioService: 31] El domicilio se ha guardado correctamente
[2021-09-29 19:41:00] [ INFO ] [PacienteService: 34] El paciente se ha guardado correctamente
[2021-09-29 19:41:26] [ INFO ] [TurnoService: 39] El turno se ha guardado correctamente
[2021-09-29 19:41:43] [ ERROR] [PacienteService: 44] Error al consultar el paciente
[2021-09-29 19:41:43] [ ERROR] [TurnoService: 76] Error
[2021-09-29 19:43:14] [ INFO ] [OdontologoService: 31] El odontologo se ha guardado correctamente
[2021-09-29 19:43:22] [ INFO ] [OdontologoService: 31] El odontologo se ha guardado correctamente
[2021-09-29 19:43:26] [ INFO ] [DomicilioService: 31] El domicilio se ha guardado correctamente
[2021-09-29 19:43:26] [ INFO ] [PacienteService: 34] El paciente se ha guardado correctamente
[2021-09-29 19:43:29] [ INFO ] [TurnoService: 39] El turno se ha guardado correctamente
[2021-09-29 19:43:33] [ ERROR] [PacienteService: 44] Error al consultar el paciente
[2021-09-29 19:43:33] [ ERROR] [TurnoService: 76] Error
[2021-09-29 19:43:57] [ ERROR] [PacienteService: 44] Error al consultar el paciente
[2021-09-29 19:43:57] [ ERROR] [TurnoService: 76] Error
[2021-09-29 19:46:28] [ INFO ] [OdontologoService: 31] El odontologo se ha guardado correctamente
[2021-09-29 19:46:34] [ INFO ] [OdontologoService: 31] El odontologo se ha guardado correctamente
[2021-09-29 19:46:39] [ INFO ] [DomicilioService: 31] El domicilio se ha guardado correctamente
[2021-09-29 19:46:40] [ INFO ] [PacienteService: 34] El paciente se ha guardado correctamente
[2021-09-29 19:47:08] [ INFO ] [TurnoService: 39] El turno se ha guardado correctamente
[2021-09-29 19:49:00] [ INFO ] [TurnoService: 39] El turno se ha guardado correctamente
[2021-09-29 20:01:30] [ INFO ] [OdontologoService: 31] El odontologo se ha guardado correctamente
[2021-09-29 20:01:35] [ INFO ] [OdontologoService: 31] El odontologo se ha guardado correctamente
[2021-09-29 20:01:54] [ INFO ] [DomicilioService: 31] El domicilio se ha guardado correctamente
[2021-09-29 20:01:55] [ INFO ] [PacienteService: 34] El paciente se ha guardado correctamente
[2021-09-29 20:02:07] [ INFO ] [TurnoService: 41] El turno se ha guardado correctamente
[2021-09-29 20:06:14] [ INFO ] [OdontologoService: 31] El odontologo se ha guardado correctamente
[2021-09-29 20:06:24] [ INFO ] [OdontologoService: 31] El odontologo se ha guardado correctamente
[2021-09-29 20:06:40] [ INFO ] [DomicilioService: 31] El domicilio se ha guardado correctamente
[2021-09-29 20:06:41] [ INFO ] [PacienteService: 34] El paciente se ha guardado correctamente
[2021-09-29 20:14:08] [ INFO ] [OdontologoService: 31] El odontologo se ha guardado correctamente
[2021-09-29 20:14:51] [ INFO ] [OdontologoService: 31] El odontologo se ha guardado correctamente
[2021-09-29 20:14:56] [ INFO ] [DomicilioService: 31] El domicilio se ha guardado correctamente
[2021-09-29 20:14:56] [ INFO ] [PacienteService: 34] El paciente se ha guardado correctamente
[2021-09-29 20:23:44] [ INFO ] [OdontologoService: 31] El odontologo se ha guardado correctamente
[2021-09-29 20:23:52] [ INFO ] [OdontologoService: 31] El odontologo se ha guardado correctamente
[2021-09-29 20:24:28] [ INFO ] [OdontologoService: 61] El odontologo con id: 6 se ha eliminado correctamente.
[2021-09-29 20:25:20] [ INFO ] [OdontologoService: 61] El odontologo con id: 7 se ha eliminado correctamente.
[2021-09-29 20:25:34] [ INFO ] [DomicilioService: 31] El domicilio se ha guardado correctamente
[2021-09-29 20:25:34] [ INFO ] [PacienteService: 34] El paciente se ha guardado correctamente
[2021-09-29 20:25:54] [ INFO ] [PacienteService: 64] El paciente con id: 9 se ha eliminado correctamente.
[2021-09-29 20:32:04] [ INFO ] [TurnoService: 59] El turno se ha guardado correctamente
[2021-09-29 20:36:36] [ INFO ] [TurnoService: 59] El turno se ha guardado correctamente
[2021-09-29 20:40:50] [ INFO ] [TurnoService: 59] El turno se ha guardado correctamente
[2021-09-29 20:44:41] [ INFO ] [TurnoService: 98] El turno con id: 134 se ha eliminado correctamente.
[2021-09-29 20:44:52] [ INFO ] [TurnoService: 98] El turno con id: 70 se ha eliminado correctamente.
[2021-09-29 20:45:02] [ INFO ] [TurnoService: 98] El turno con id: 102 se ha eliminado correctamente.
[2021-09-29 22:04:20] [ INFO ] [OdontologoService: 31] El odontologo se ha guardado correctamente
[2021-09-29 22:04:36] [ INFO ] [OdontologoService: 51] El odontologo Lina eeeeeeeeeeeeeeeeee se ha actualizado correctmente.
[2021-09-29 22:08:51] [ INFO ] [DomicilioService: 31] El domicilio se ha guardado correctamente
[2021-09-29 22:08:51] [ INFO ] [PacienteService: 34] El paciente se ha guardado correctamente
[2021-09-29 22:25:47] [ INFO ] [DomicilioService: 31] El domicilio se ha guardado correctamente
[2021-09-29 22:25:47] [ INFO ] [PacienteService: 34] El paciente se ha guardado correctamente
[2021-09-29 22:29:30] [ INFO ] [DomicilioService: 31] El domicilio se ha guardado correctamente
[2021-09-29 22:29:30] [ INFO ] [PacienteService: 34] El paciente se ha guardado correctamente
[2021-09-29 22:35:54] [ INFO ] [OdontologoService: 31] El odontologo se ha guardado correctamente
[2021-09-29 22:36:07] [ INFO ] [OdontologoService: 51] El odontologo Lina eeeeeeeeeeeeeeeeee se ha actualizado correctmente.
[2021-09-29 22:36:14] [ INFO ] [OdontologoService: 61] El odontologo con id: 326 se ha eliminado correctamente.
[2021-09-29 22:36:15] [ INFO ] [OdontologoService: 61] El odontologo con id: 454 se ha eliminado correctamente.
[2021-09-29 22:37:04] [ INFO ] [DomicilioService: 31] El domicilio se ha guardado correctamente
[2021-09-29 22:37:04] [ INFO ] [PacienteService: 34] El paciente se ha guardado correctamente
[2021-09-29 22:38:15] [ INFO ] [DomicilioService: 31] El domicilio se ha guardado correctamente
[2021-09-29 22:38:15] [ INFO ] [PacienteService: 34] El paciente se ha guardado correctamente
[2021-09-29 22:45:02] [ INFO ] [OdontologoService: 31] El odontologo se ha guardado correctamente
[2021-09-29 22:46:31] [ INFO ] [OdontologoService: 31] El odontologo se ha guardado correctamente
[2021-09-29 22:46:49] [ INFO ] [DomicilioService: 31] El domicilio se ha guardado correctamente
[2021-09-29 22:46:49] [ INFO ] [PacienteService: 34] El paciente se ha guardado correctamente
[2021-09-29 22:48:30] [ INFO ] [DomicilioService: 31] El domicilio se ha guardado correctamente
[2021-09-29 22:48:30] [ INFO ] [PacienteService: 34] El paciente se ha guardado correctamente
[2021-09-29 22:48:42] [ INFO ] [OdontologoService: 31] El odontologo se ha guardado correctamente
[2021-09-30 07:23:25] [ ERROR] [PacienteService: 44] Error al consultar el paciente
[2021-09-30 07:23:53] [ INFO ] [DomicilioService: 52] El domicilio 550 se ha actualizado correctmente.
[2021-09-30 07:23:53] [ INFO ] [PacienteService: 55] El paciente Carolina Vasquez se ha actualizado correctmente.
[2021-09-30 09:54:12] [ INFO ] [TurnoService: 64] El turno se ha guardado correctamente
[2021-09-30 10:12:05] [ INFO ] [TurnoService: 62] El turno se ha guardado correctamente
[2021-09-30 10:12:25] [ ERROR] [TurnoService: 75] Error al consultar el turno 
[2021-09-30 10:13:12] [ ERROR] [TurnoService: 75] Error al consultar el turno 
[2021-09-30 10:13:21] [ ERROR] [TurnoService: 75] Error al consultar el turno 
[2021-09-30 10:49:38] [ INFO ] [TurnoService: 62] El turno se ha guardado correctamente
[2021-09-30 10:49:47] [ INFO ] [OdontologoService: 31] El odontologo se ha guardado correctamente
[2021-09-30 10:51:48] [ ERROR] [TurnoService: 75] Error al consultar el turno 
[2021-09-30 14:31:41] [ INFO ] [OdontologoService: 31] El odontologo se ha guardado correctamente
[2021-09-30 14:32:06] [ INFO ] [OdontologoService: 31] El odontologo se ha guardado correctamente
[2021-09-30 14:32:52] [ INFO ] [OdontologoService: 51] El odontologo Neo Saenzksskksks se ha actualizado correctmente.
[2021-09-30 14:32:57] [ INFO ] [OdontologoService: 61] El odontologo con id: 710 se ha eliminado correctamente.
[2021-09-30 14:44:45] [ INFO ] [DomicilioService: 31] El domicilio se ha guardado correctamente
[2021-09-30 14:44:45] [ INFO ] [PacienteService: 34] El paciente se ha guardado correctamente
[2021-09-30 14:52:28] [ INFO ] [DomicilioService: 31] El domicilio se ha guardado correctamente
[2021-09-30 14:52:28] [ INFO ] [PacienteService: 34] El paciente se ha guardado correctamente
[2021-09-30 14:55:23] [ INFO ] [DomicilioService: 31] El domicilio se ha guardado correctamente
[2021-09-30 14:55:23] [ INFO ] [PacienteService: 34] El paciente se ha guardado correctamente
[2021-09-30 14:57:24] [ INFO ] [DomicilioService: 31] El domicilio se ha guardado correctamente
[2021-09-30 14:57:24] [ INFO ] [PacienteService: 34] El paciente se ha guardado correctamente
[2021-09-30 15:02:09] [ INFO ] [DomicilioService: 31] El domicilio se ha guardado correctamente
[2021-09-30 15:02:09] [ INFO ] [PacienteService: 33] El paciente se ha guardado correctamente
[2021-09-30 15:07:36] [ INFO ] [DomicilioService: 31] El domicilio se ha guardado correctamente
[2021-09-30 15:07:36] [ INFO ] [PacienteService: 33] El paciente se ha guardado correctamente
[2021-09-30 15:10:13] [ INFO ] [DomicilioService: 31] El domicilio se ha guardado correctamente
[2021-09-30 15:10:13] [ INFO ] [PacienteService: 33] El paciente se ha guardado correctamente
[2021-09-30 16:05:37] [ INFO ] [OdontologoService: 31] El odontologo se ha guardado correctamente
[2021-09-30 16:06:02] [ INFO ] [OdontologoService: 51] El odontologo Javier Rabutch se ha actualizado correctmente.
[2021-09-30 16:06:19] [ INFO ] [DomicilioService: 31] El domicilio se ha guardado correctamente
[2021-09-30 16:06:19] [ INFO ] [PacienteService: 34] El paciente se ha guardado correctamente
[2021-09-30 17:16:32] [ INFO ] [DomicilioService: 31] El domicilio se ha guardado correctamente
[2021-09-30 17:16:32] [ INFO ] [PacienteService: 34] El paciente se ha guardado correctamente
[2021-09-30 17:42:16] [ INFO ] [DomicilioService: 31] El domicilio se ha guardado correctamente
[2021-09-30 17:42:16] [ INFO ] [PacienteService: 34] El paciente se ha guardado correctamente
[2021-09-30 17:44:08] [ INFO ] [PacienteService: 64] El paciente con id: 2 se ha eliminado correctamente.
[2021-09-30 17:44:47] [ INFO ] [DomicilioService: 31] El domicilio se ha guardado correctamente
[2021-09-30 17:44:47] [ INFO ] [PacienteService: 34] El paciente se ha guardado correctamente
[2021-09-30 17:48:13] [ INFO ] [DomicilioService: 31] El domicilio se ha guardado correctamente
[2021-09-30 17:48:13] [ INFO ] [PacienteService: 34] El paciente se ha guardado correctamente
[2021-09-30 18:06:43] [ INFO ] [DomicilioService: 31] El domicilio se ha guardado correctamente
[2021-09-30 18:06:43] [ INFO ] [PacienteService: 34] El paciente se ha guardado correctamente
[2021-09-30 18:09:09] [ INFO ] [OdontologoService: 31] El odontologo se ha guardado correctamente
[2021-09-30 18:10:03] [ INFO ] [OdontologoService: 51] El odontologo Lina eeeeeeeeeeeeeeeeee se ha actualizado correctmente.
[2021-09-30 18:16:44] [ INFO ] [OdontologoService: 31] El odontologo se ha guardado correctamente
[2021-09-30 19:13:33] [ INFO ] [DomicilioService: 31] El domicilio se ha guardado correctamente
[2021-09-30 19:13:33] [ INFO ] [PacienteService: 34] El paciente se ha guardado correctamente
[2021-09-30 19:14:01] [ INFO ] [OdontologoService: 51] El odontologo Linaffff Huertas se ha actualizado correctmente.
[2021-09-30 19:14:21] [ INFO ] [DomicilioService: 31] El domicilio se ha guardado correctamente
[2021-09-30 19:14:21] [ INFO ] [PacienteService: 34] El paciente se ha guardado correctamente
[2021-09-30 19:14:32] [ INFO ] [PacienteService: 64] El paciente con id: 5 se ha eliminado correctamente.
[2021-10-01 09:52:58] [ INFO ] [OdontologoService: 31] El odontologo se ha guardado correctamente
[2021-10-01 09:57:52] [ INFO ] [OdontologoService: 31] El odontologo se ha guardado correctamente
[2021-10-01 10:13:54] [ INFO ] [OdontologoService: 31] El odontologo se ha guardado correctamente
[2021-10-01 11:32:04] [ INFO ] [OdontologoService: 31] El odontologo se ha guardado correctamente
[2021-10-01 11:47:49] [ INFO ] [OdontologoService: 61] El odontologo con id: 1 se ha eliminado correctamente.
[2021-10-01 11:47:49] [ INFO ] [OdontologoService: 31] El odontologo se ha guardado correctamente
[2021-10-01 11:49:37] [ ERROR] [GlobalExceptionHandler: 18] Cannot invoke "com.example.proyectointegrador.DTO.OdontologoDTO.getId()" because "odontologoDTO" is null
[2021-10-01 11:49:37] [ ERROR] [GlobalExceptionHandler: 18] Cannot invoke "com.example.proyectointegrador.DTO.OdontologoDTO.getId()" because "odontologoDTO" is null
[2021-10-01 11:49:38] [ INFO ] [OdontologoService: 31] El odontologo se ha guardado correctamente
[2021-10-01 11:51:29] [ INFO ] [OdontologoService: 61] El odontologo con id: 35 se ha eliminado correctamente.
[2021-10-01 11:51:29] [ INFO ] [OdontologoService: 31] El odontologo se ha guardado correctamente
[2021-10-01 12:03:33] [ ERROR] [GlobalExceptionHandler: 18] Cannot invoke "com.example.proyectointegrador.DTO.OdontologoDTO.getId()" because "odontologoDTO" is null
[2021-10-01 12:03:33] [ ERROR] [GlobalExceptionHandler: 18] Cannot invoke "com.example.proyectointegrador.DTO.OdontologoDTO.getId()" because "odontologoDTO" is null
[2021-10-01 12:03:33] [ INFO ] [OdontologoService: 31] El odontologo se ha guardado correctamente
[2021-10-01 12:05:52] [ ERROR] [GlobalExceptionHandler: 18] Cannot invoke "com.example.proyectointegrador.DTO.OdontologoDTO.getId()" because "odontologoDTO" is null
[2021-10-01 12:05:52] [ ERROR] [GlobalExceptionHandler: 18] Cannot invoke "com.example.proyectointegrador.DTO.OdontologoDTO.getId()" because "odontologoDTO" is null
[2021-10-01 12:05:53] [ INFO ] [OdontologoService: 31] El odontologo se ha guardado correctamente
[2021-10-01 12:07:37] [ INFO ] [OdontologoService: 31] El odontologo se ha guardado correctamente
[2021-10-01 12:14:22] [ ERROR] [PacienteService: 44] Error al consultar el paciente
[2021-10-01 12:14:22] [ ERROR] [GlobalExceptionHandler: 18] Cannot invoke "com.example.proyectointegrador.DTO.PacienteDTO.getId()" because "pacienteDTO" is null
[2021-10-01 12:17:32] [ ERROR] [GlobalExceptionHandler: 18] Entity must not be null.; nested exception is java.lang.IllegalArgumentException: Entity must not be null.
[2021-10-01 12:52:29] [ ERROR] [GlobalExceptionHandler: 18] Entity must not be null.; nested exception is java.lang.IllegalArgumentException: Entity must not be null.
[2021-10-01 12:55:47] [ INFO ] [OdontologoService: 31] El odontologo se ha guardado correctamente
[2021-10-01 12:57:33] [ INFO ] [OdontologoService: 51] El odontologo Cristiano Ronaldo se ha actualizado correctmente.
[2021-10-01 12:57:53] [ INFO ] [OdontologoService: 61] El odontologo con id: 39 se ha eliminado correctamente.
[2021-10-01 12:59:50] [ INFO ] [OdontologoService: 61] El odontologo con id: 34 se ha eliminado correctamente.
[2021-10-01 13:00:59] [ INFO ] [DomicilioService: 31] El domicilio se ha guardado correctamente
[2021-10-01 13:00:59] [ INFO ] [PacienteService: 34] El paciente se ha guardado correctamente
[2021-10-01 13:03:05] [ INFO ] [DomicilioService: 52] El domicilio 77 se ha actualizado correctmente.
[2021-10-01 13:03:05] [ INFO ] [PacienteService: 55] El paciente Carolina Vasquez se ha actualizado correctmente.
[2021-10-01 13:03:35] [ INFO ] [PacienteService: 64] El paciente con id: 3 se ha eliminado correctamente.
[2021-10-01 13:04:19] [ ERROR] [GlobalExceptionHandler: 18] Cannot invoke "com.example.proyectointegrador.DTO.OdontologoDTO.getId()" because "odontologoDTO" is null
[2021-10-01 13:04:43] [ INFO ] [TurnoService: 58] El turno se ha guardado correctamente
[2021-10-01 13:06:36] [ ERROR] [TurnoService: 71] Error al consultar el turno 
[2021-10-01 13:07:05] [ ERROR] [TurnoService: 71] Error al consultar el turno 
[2021-10-01 13:07:26] [ INFO ] [TurnoService: 84] El turno con id: 78 se ha actualizado correctmente.
[2021-10-01 13:08:30] [ INFO ] [TurnoService: 94] El turno con id: 78 se ha eliminado correctamente.
[2021-10-01 13:44:01] [ ERROR] [PacienteService: 44] Error al consultar el paciente
[2021-10-01 13:44:01] [ ERROR] [TurnoService: 60] Error
[2021-10-01 13:44:07] [ INFO ] [DomicilioService: 31] El domicilio se ha guardado correctamente
[2021-10-01 13:44:07] [ INFO ] [PacienteService: 34] El paciente se ha guardado correctamente
[2021-10-01 13:44:10] [ INFO ] [OdontologoService: 31] El odontologo se ha guardado correctamente
[2021-10-01 13:48:06] [ INFO ] [OdontologoService: 31] El odontologo se ha guardado correctamente
[2021-10-01 13:48:13] [ INFO ] [DomicilioService: 31] El domicilio se ha guardado correctamente
[2021-10-01 13:48:13] [ INFO ] [PacienteService: 34] El paciente se ha guardado correctamente
[2021-10-01 13:48:46] [ INFO ] [OdontologoService: 51] El odontologo Cristiano Ronaldo se ha actualizado correctmente.
[2021-10-01 13:49:18] [ INFO ] [TurnoService: 58] El turno se ha guardado correctamente
[2021-10-01 14:21:45] [ ERROR] [GlobalExceptionHandler: 18] Entity must not be null.; nested exception is java.lang.IllegalArgumentException: Entity must not be null.
[2021-10-01 18:45:11] [ INFO ] [OdontologoService: 31] El odontologo se ha guardado correctamente
[2021-10-01 19:13:37] [ INFO ] [OdontologoService: 31] El odontologo se ha guardado correctamente
[2021-10-01 19:14:02] [ INFO ] [OdontologoService: 31] El odontologo se ha guardado correctamente
[2021-10-01 19:35:23] [ INFO ] [DomicilioService: 31] El domicilio se ha guardado correctamente
[2021-10-01 19:35:23] [ INFO ] [PacienteService: 34] El paciente se ha guardado correctamente
[2021-10-01 19:36:24] [ INFO ] [DomicilioService: 31] El domicilio se ha guardado correctamente
[2021-10-01 19:36:24] [ INFO ] [PacienteService: 34] El paciente se ha guardado correctamente
